  main.cpp
C:\Users\TestF\Desktop\Advanced Computer Graphics\Final\Turtle.cpp(202,1): warning C4267: 'initializing': conversion from 'size_t' to 'unsigned int', possible loss of data
C:\Users\TestF\Desktop\Advanced Computer Graphics\Final\main.cpp(81,21): warning C4244: 'argument': conversion from 'double' to 'const unsigned __int64', possible loss of data
C:\Users\TestF\Desktop\Advanced Computer Graphics\Final\main.cpp(82,25): warning C4244: 'argument': conversion from 'double' to 'const unsigned __int64', possible loss of data
C:\Users\TestF\Desktop\Advanced Computer Graphics\Final\main.cpp(83,21): warning C4244: 'argument': conversion from 'double' to 'const unsigned __int64', possible loss of data
C:\Users\TestF\Desktop\Advanced Computer Graphics\Final\main.cpp(84,25): warning C4244: 'argument': conversion from 'double' to 'const unsigned __int64', possible loss of data
C:\Users\TestF\Desktop\Advanced Computer Graphics\Final\main.cpp(59,8): warning C4101: 'xmin': unreferenced local variable
C:\Users\TestF\Desktop\Advanced Computer Graphics\Final\main.cpp(53,9): warning C4101: 'ibuffer': unreferenced local variable
C:\Users\TestF\Desktop\Advanced Computer Graphics\Final\main.cpp(52,9): warning C4101: 'vbuffer': unreferenced local variable
C:\Users\TestF\Desktop\Advanced Computer Graphics\Final\main.cpp(55,8): warning C4101: 'vNormal': unreferenced local variable
C:\Users\TestF\Desktop\Advanced Computer Graphics\Final\main.cpp(59,14): warning C4101: 'xmax': unreferenced local variable
C:\Users\TestF\Desktop\Advanced Computer Graphics\Final\main.cpp(175,39): warning C4244: 'argument': conversion from 'double' to 'float', possible loss of data
C:\Users\TestF\Desktop\Advanced Computer Graphics\Final\main.cpp(185,49): warning C4267: 'argument': conversion from 'size_t' to 'GLsizei', possible loss of data
C:\Users\TestF\Desktop\Advanced Computer Graphics\Final\main.cpp(396,16): warning C4244: '=': conversion from 'double' to 'float', possible loss of data
C:\Users\TestF\Desktop\Advanced Computer Graphics\Final\main.cpp(397,16): warning C4244: '=': conversion from 'double' to 'float', possible loss of data
C:\Users\TestF\Desktop\Advanced Computer Graphics\Final\main.cpp(400,16): warning C4244: 'initializing': conversion from 'double' to 'float', possible loss of data
C:\Users\TestF\Desktop\Advanced Computer Graphics\Final\main.cpp(401,16): warning C4244: 'initializing': conversion from 'double' to 'float', possible loss of data
C:\Users\TestF\Desktop\Advanced Computer Graphics\Final\main.cpp(402,15): warning C4244: '=': conversion from 'double' to 'float', possible loss of data
C:\Users\TestF\Desktop\Advanced Computer Graphics\Final\main.cpp(403,15): warning C4244: '=': conversion from 'double' to 'float', possible loss of data
C:\Users\TestF\Desktop\Advanced Computer Graphics\Final\main.cpp(422,17): warning C4244: '-=': conversion from 'double' to 'float', possible loss of data
C:\Users\TestF\Desktop\Advanced Computer Graphics\Final\main.cpp(500,17): warning C4244: 'initializing': conversion from 'double' to 'float', possible loss of data
C:\Users\TestF\Desktop\Advanced Computer Graphics\Final\main.cpp(503,28): warning C4244: '=': conversion from 'double' to 'float', possible loss of data
C:\Users\TestF\Desktop\Advanced Computer Graphics\Final\main.cpp(511,4): warning C4804: '-=': unsafe use of type 'bool' in operation
  Final.vcxproj -> C:\Users\TestF\Desktop\Advanced Computer Graphics\Final\x64\Debug\Final.exe
